2019-12-27 11:27:28,414  INFO [main] LoginSenario:49 - ******** Launch Brower*************
  2019-12-27 11:27:29,647  INFO [main] LoginSenario:66 - ******** Launch URL*************
  2019-12-27 11:27:35,854  INFO [main] LoginSenario:72 - ******** Check page Titile*************
  2019-12-27 11:27:35,864  INFO [main] LoginSenario:81 - ******** Providing Login Details*************
  2019-12-27 11:27:36,007  INFO [main] LoginSenario:88 - ******** Submit Event Details*************
  2019-12-27 11:27:41,346  INFO [main] LoginSenario:111 - ********Logout Sytem DropDown*************
  2019-12-27 11:28:13,469  INFO [main] LoginSenario:117 - ********Logout Information*************
  2019-12-27 11:28:14,583  INFO [main] LoginSenario:72 - ******** Check page Titile*************
  2019-12-27 11:28:16,692  INFO [main] LoginSenario:49 - ******** Launch Brower*************
  2019-12-27 11:28:17,835  INFO [main] LoginSenario:66 - ******** Launch URL*************
  2019-12-27 11:28:24,046  INFO [main] LoginSenario:72 - ******** Check page Titile*************
  2019-12-27 11:28:24,053  INFO [main] LoginSenario:81 - ******** Providing Login Details*************
  2019-12-27 11:28:24,197  INFO [main] LoginSenario:88 - ******** Submit Event Details*************
  2019-12-27 11:28:25,954  INFO [main] LoginSenario:105 - ******** Validation Message Info*************
  2019-12-27 17:01:00,186  INFO [main] LoginSenario:46 - ******** Launch Brower*************
  2019-12-27 17:01:01,437  INFO [main] LoginSenario:61 - ******** Launch URL*************
  2019-12-27 17:01:04,733  INFO [main] LoginSenario:67 - ******** Check page Titile*************
  2019-12-27 17:01:04,743  INFO [main] LoginSenario:76 - ******** Providing Login Details*************
  2019-12-27 17:01:04,891  INFO [main] LoginSenario:83 - ******** Submit Event Details*************
  2019-12-27 17:01:09,247  INFO [main] LoginSenario:105 - ********Logout Sytem DropDown*************
  2019-12-27 17:01:37,467  INFO [main] LoginSenario:111 - ********Logout Information*************
  2019-12-27 17:01:38,553  INFO [main] LoginSenario:67 - ******** Check page Titile*************
  2019-12-27 17:01:40,741  INFO [main] LoginSenario:46 - ******** Launch Brower*************
  2019-12-27 17:01:41,892  INFO [main] LoginSenario:61 - ******** Launch URL*************
  2019-12-27 17:01:44,984  INFO [main] LoginSenario:67 - ******** Check page Titile*************
  2019-12-27 17:01:44,991  INFO [main] LoginSenario:76 - ******** Providing Login Details*************
  2019-12-27 17:01:45,135  INFO [main] LoginSenario:83 - ******** Submit Event Details*************
  2019-12-27 17:01:46,959  INFO [main] LoginSenario:99 - ******** Validation Message Info*************
  2019-12-27 17:08:24,175  INFO [main] LoginSenario:46 - ******** Launch Brower*************
  2019-12-27 17:08:25,424  INFO [main] LoginSenario:61 - ******** Launch URL*************
  2019-12-27 17:08:28,655  INFO [main] LoginSenario:67 - ******** Check page Titile*************
  2019-12-27 17:08:28,664  INFO [main] LoginSenario:76 - ******** Providing Login Details*************
  2019-12-27 17:08:28,810  INFO [main] LoginSenario:83 - ******** Submit Event Details*************
  2019-12-27 17:08:30,621  INFO [main] LoginSenario:99 - ******** Validation Message Info*************
  2019-12-30 10:41:45,900  INFO [main] LoginSenario:46 - ******** Launch Brower*************
  2019-12-30 10:41:47,248  INFO [main] LoginSenario:61 - ******** Launch URL*************
  2019-12-30 10:41:50,625  INFO [main] LoginSenario:67 - ******** Check page Titile*************
  2019-12-30 10:41:50,638  INFO [main] LoginSenario:76 - ******** Providing Login Details*************
  2019-12-30 10:41:50,776  INFO [main] LoginSenario:83 - ******** Submit Event Details*************
  2019-12-30 10:41:52,513  INFO [main] LoginSenario:99 - ******** Validation Message Info*************
  2019-12-30 11:14:08,483  INFO [main] LoginSenario:46 - ******** Launch Brower*************
  2019-12-30 11:14:09,750  INFO [main] LoginSenario:61 - ******** Launch URL*************
  2019-12-30 11:14:12,959  INFO [main] LoginSenario:67 - ******** Check page Titile*************
  2019-12-30 11:14:12,971  INFO [main] LoginSenario:76 - ******** Providing Login Details*************
  2019-12-30 11:14:13,114  INFO [main] LoginSenario:83 - ******** Submit Event Details*************
  2019-12-30 11:14:17,397  INFO [main] LoginSenario:105 - ********Logout Sytem DropDown*************
  2019-12-30 11:14:45,930  INFO [main] LoginSenario:111 - ********Logout Information*************
  2019-12-30 11:14:47,038  INFO [main] LoginSenario:67 - ******** Check page Titile*************
  2019-12-30 11:14:49,152  INFO [main] LoginSenario:46 - ******** Launch Brower*************
  2019-12-30 11:14:50,288  INFO [main] LoginSenario:61 - ******** Launch URL*************
  2019-12-30 11:14:53,477  INFO [main] LoginSenario:67 - ******** Check page Titile*************
  2019-12-30 11:14:53,484  INFO [main] LoginSenario:76 - ******** Providing Login Details*************
  2019-12-30 11:14:53,622  INFO [main] LoginSenario:83 - ******** Submit Event Details*************
  2019-12-30 11:14:55,335  INFO [main] LoginSenario:99 - ******** Validation Message Info*************
  2019-12-30 11:18:21,193  INFO [main] LoginSenario:46 - ******** Launch Brower*************
  2019-12-30 11:18:22,444  INFO [main] LoginSenario:61 - ******** Launch URL*************
  2019-12-30 11:18:25,575  INFO [main] LoginSenario:67 - ******** Check page Titile*************
  2019-12-30 11:18:25,585  INFO [main] LoginSenario:76 - ******** Providing Login Details*************
  2019-12-30 11:18:25,727  INFO [main] LoginSenario:83 - ******** Submit Event Details*************
  2019-12-30 11:18:29,747  INFO [main] LoginSenario:105 - ********Logout Sytem DropDown*************
  2019-12-30 11:18:54,278  INFO [main] LoginSenario:111 - ********Logout Information*************
  2019-12-30 11:18:55,391  INFO [main] LoginSenario:67 - ******** Check page Titile*************
  2019-12-30 11:18:57,392  INFO [main] LoginSenario:46 - ******** Launch Brower*************
  2019-12-30 11:18:58,525  INFO [main] LoginSenario:61 - ******** Launch URL*************
  2019-12-30 11:19:01,532  INFO [main] LoginSenario:67 - ******** Check page Titile*************
  2019-12-30 11:19:01,542  INFO [main] LoginSenario:76 - ******** Providing Login Details*************
  2019-12-30 11:19:01,711  INFO [main] LoginSenario:83 - ******** Submit Event Details*************
  2019-12-30 11:19:03,478  INFO [main] LoginSenario:99 - ******** Validation Message Info*************
  2019-12-30 11:31:08,718  INFO [main] LoginSenario:46 - ******** Launch Brower*************
  2019-12-30 11:31:09,989  INFO [main] LoginSenario:61 - ******** Launch URL*************
  2019-12-30 11:31:13,251  INFO [main] LoginSenario:67 - ******** Check page Titile*************
  2019-12-30 11:31:13,273  INFO [main] LoginSenario:76 - ******** Providing Login Details*************
  2019-12-30 11:31:13,421  INFO [main] LoginSenario:83 - ******** Submit Event Details*************
  2019-12-30 11:31:17,470  INFO [main] LoginSenario:105 - ********Logout Sytem DropDown*************
  2019-12-30 11:31:43,279  INFO [main] LoginSenario:111 - ********Logout Information*************
  2019-12-30 11:31:44,365  INFO [main] LoginSenario:67 - ******** Check page Titile*************
  2019-12-30 11:31:46,440  INFO [main] LoginSenario:46 - ******** Launch Brower*************
  2019-12-30 11:31:47,575  INFO [main] LoginSenario:61 - ******** Launch URL*************
  2019-12-30 11:31:50,473  INFO [main] LoginSenario:67 - ******** Check page Titile*************
  2019-12-30 11:31:50,479  INFO [main] LoginSenario:76 - ******** Providing Login Details*************
  2019-12-30 11:31:50,642  INFO [main] LoginSenario:83 - ******** Submit Event Details*************
  2019-12-30 11:31:52,389  INFO [main] LoginSenario:99 - ******** Validation Message Info*************
  2019-12-30 12:00:59,434  INFO [main] LoginSenario:46 - ******** Launch Brower*************
  2019-12-30 12:20:48,494  INFO [main] LoginSenario:46 - ******** Launch Brower*************
  2019-12-30 15:01:58,751  INFO [main] LoginSenario:46 - ******** Launch Brower*************
  2019-12-30 15:01:59,998  INFO [main] LoginSenario:61 - ******** Launch URL*************
  2019-12-30 15:02:00,927  INFO [main] LoginSenario:67 - ******** Check page Titile*************
  2019-12-30 15:02:10,663  INFO [main] LoginSenario:46 - ******** Launch Brower*************
  2019-12-30 15:02:11,914  INFO [main] LoginSenario:61 - ******** Launch URL*************
  2019-12-30 15:02:15,096  INFO [main] LoginSenario:67 - ******** Check page Titile*************
  2019-12-30 15:02:15,110  INFO [main] LoginSenario:76 - ******** Providing Login Details*************
  2019-12-30 15:02:15,248  INFO [main] LoginSenario:83 - ******** Submit Event Details*************
  2019-12-30 15:02:19,539  INFO [main] LoginSenario:105 - ********Logout Sytem DropDown*************
  2019-12-30 15:02:46,428  INFO [main] LoginSenario:111 - ********Logout Information*************
  2019-12-30 15:02:47,493  INFO [main] LoginSenario:67 - ******** Check page Titile*************
  2019-12-30 15:02:49,509  INFO [main] LoginSenario:46 - ******** Launch Brower*************
  2019-12-30 15:02:50,644  INFO [main] LoginSenario:61 - ******** Launch URL*************
  2019-12-30 15:02:53,804  INFO [main] LoginSenario:67 - ******** Check page Titile*************
  2019-12-30 15:02:53,811  INFO [main] LoginSenario:76 - ******** Providing Login Details*************
  2019-12-30 15:02:53,963  INFO [main] LoginSenario:83 - ******** Submit Event Details*************
  2019-12-30 15:02:55,668  INFO [main] LoginSenario:99 - ******** Validation Message Info*************
  2019-12-30 15:05:45,741  INFO [main] LoginSenario:46 - ******** Launch Brower*************
  2019-12-30 15:05:46,997  INFO [main] LoginSenario:61 - ******** Launch URL*************
  2019-12-30 15:05:48,049  INFO [main] LoginSenario:67 - ******** Check page Titile*************
  2019-12-30 15:05:59,399  INFO [main] LoginSenario:46 - ******** Launch Brower*************
  2019-12-30 15:06:00,676  INFO [main] LoginSenario:61 - ******** Launch URL*************
  2019-12-30 15:06:03,825  INFO [main] LoginSenario:67 - ******** Check page Titile*************
  2019-12-30 15:06:03,835  INFO [main] LoginSenario:76 - ******** Providing Login Details*************
  2019-12-30 15:06:03,996  INFO [main] LoginSenario:83 - ******** Submit Event Details*************
  2019-12-30 15:06:07,891  INFO [main] LoginSenario:105 - ********Logout Sytem DropDown*************
  2019-12-30 15:06:34,579  INFO [main] LoginSenario:111 - ********Logout Information*************
  2019-12-30 15:06:35,798  INFO [main] LoginSenario:67 - ******** Check page Titile*************
  2019-12-30 15:06:37,796  INFO [main] LoginSenario:46 - ******** Launch Brower*************
  2019-12-30 15:06:38,944  INFO [main] LoginSenario:61 - ******** Launch URL*************
  2019-12-30 15:06:42,049  INFO [main] LoginSenario:67 - ******** Check page Titile*************
  2019-12-30 15:06:42,117  INFO [main] LoginSenario:76 - ******** Providing Login Details*************
  2019-12-30 15:06:42,272  INFO [main] LoginSenario:83 - ******** Submit Event Details*************
  2019-12-30 15:06:44,123  INFO [main] LoginSenario:99 - ******** Validation Message Info*************
  2019-12-30 15:52:56,540  INFO [main] LoginSenario:46 - ******** Launch Brower*************
  2019-12-30 15:52:57,774  INFO [main] LoginSenario:61 - ******** Launch URL*************
  2019-12-30 15:53:00,755  INFO [main] LoginSenario:67 - ******** Check page Titile*************
  2019-12-30 15:53:00,767  INFO [main] LoginSenario:76 - ******** Providing Login Details*************
  2019-12-30 15:53:00,961  INFO [main] LoginSenario:83 - ******** Submit Event Details*************
  2019-12-30 15:53:05,151  INFO [main] LoginSenario:105 - ********Logout Sytem DropDown*************
  2019-12-30 17:54:41,088  INFO [main] LoginSenario:46 - ******** Launch Brower*************
  2019-12-30 17:54:42,356  INFO [main] LoginSenario:61 - ******** Launch URL*************
  2019-12-30 17:54:45,515  INFO [main] LoginSenario:67 - ******** Check page Titile*************
  2019-12-30 17:54:45,540  INFO [main] LoginSenario:76 - ******** Providing Login Details*************
  2019-12-30 17:54:45,688  INFO [main] LoginSenario:83 - ******** Submit Event Details*************
  2019-12-30 17:54:49,970  INFO [main] LoginSenario:105 - ********Logout Sytem DropDown*************
  2019-12-30 17:55:18,373  INFO [main] LoginSenario:111 - ********Logout Information*************
  2019-12-30 17:55:19,568  INFO [main] LoginSenario:67 - ******** Check page Titile*************
  2019-12-30 17:55:21,601  INFO [main] LoginSenario:46 - ******** Launch Brower*************
  2019-12-30 17:55:22,749  INFO [main] LoginSenario:61 - ******** Launch URL*************
  2019-12-30 17:55:25,704  INFO [main] LoginSenario:67 - ******** Check page Titile*************
  2019-12-30 17:55:25,711  INFO [main] LoginSenario:76 - ******** Providing Login Details*************
  2019-12-30 17:55:25,858  INFO [main] LoginSenario:83 - ******** Submit Event Details*************
  2019-12-30 17:55:27,708  INFO [main] LoginSenario:99 - ******** Validation Message Info*************
  